<?xml version="1.0" encoding="UTF-8"?>
<testng-results ignored="0" total="1" passed="1" failed="0" skipped="0">
  <reporter-output>
  </reporter-output>
  <suite started-at="2025-07-10T13:54:26 IST" name="Suite" finished-at="2025-07-10T13:54:32 IST" duration-ms="6266">
    <groups>
    </groups>
    <test started-at="2025-07-10T13:54:26 IST" name="Test" finished-at="2025-07-10T13:54:32 IST" duration-ms="6266">
      <class name="day27.LoginTest">
        <test-method is-config="true" signature="setup()[pri:0, instance:day27.LoginTest@489115ef]" started-at="2025-07-10T13:54:26 IST" name="setup" finished-at="2025-07-10T13:54:31 IST" duration-ms="5371" status="PASS">
          <reporter-output>
          </reporter-output>
        </test-method> <!-- setup -->
        <test-method signature="testLogin()[pri:0, instance:day27.LoginTest@489115ef]" started-at="2025-07-10T13:54:31 IST" name="testLogin" finished-at="2025-07-10T13:54:32 IST" duration-ms="666" status="PASS">
          <reporter-output>
          </reporter-output>
        </test-method> <!-- testLogin -->
        <test-method is-config="true" signature="tearDown()[pri:0, instance:day27.LoginTest@489115ef]" started-at="2025-07-10T13:54:32 IST" name="tearDown" finished-at="2025-07-10T13:54:32 IST" duration-ms="166" status="PASS">
          <reporter-output>
          </reporter-output>
        </test-method> <!-- tearDown -->
      </class> <!-- day27.LoginTest -->
    </test> <!-- Test -->
  </suite> <!-- Suite -->
</testng-results>
