<?xml version="1.0" encoding="UTF-8"?>
<testng-results ignored="0" total="1" passed="1" failed="0" skipped="0">
  <reporter-output>
  </reporter-output>
  <suite started-at="2025-09-12T22:28:52 IST" name="Facebook Automation Suite" finished-at="2025-09-12T22:29:05 IST" duration-ms="12680">
    <groups>
    </groups>
    <test started-at="2025-09-12T22:28:52 IST" name="Chrome Tests" finished-at="2025-09-12T22:29:05 IST" duration-ms="12680">
      <class name="Tests.OCRegisterAccountTest">
        <test-method is-config="true" signature="setup(java.lang.String)[pri:0, instance:Tests.OCRegisterAccountTest@5f2f577]" started-at="2025-09-12T22:28:52 IST" name="setup" finished-at="2025-09-12T22:28:57 IST" duration-ms="4653" status="PASS">
          <params>
            <param index="0">
              <value>
                <![CDATA[chrome]]>
              </value>
            </param>
          </params>
          <reporter-output>
          </reporter-output>
        </test-method> <!-- setup -->
        <test-method signature="register()[pri:0, instance:Tests.OCRegisterAccountTest@5f2f577]" started-at="2025-09-12T22:28:57 IST" name="register" finished-at="2025-09-12T22:29:03 IST" duration-ms="6422" status="PASS">
          <reporter-output>
          </reporter-output>
        </test-method> <!-- register -->
        <test-method is-config="true" signature="teardown()[pri:0, instance:Tests.OCRegisterAccountTest@5f2f577]" started-at="2025-09-12T22:29:03 IST" name="teardown" finished-at="2025-09-12T22:29:05 IST" duration-ms="1381" status="PASS">
          <reporter-output>
          </reporter-output>
        </test-method> <!-- teardown -->
      </class> <!-- Tests.OCRegisterAccountTest -->
    </test> <!-- Chrome Tests -->
  </suite> <!-- Facebook Automation Suite -->
</testng-results>
