<?xml version="1.0" encoding="UTF-8"?>
<!-- Generated by org.testng.reporters.JUnitXMLReporter -->
<testsuite ignored="0" hostname="DivyaKiran" failures="0" tests="7" name="myTest" time="11.124" errors="0" timestamp="2025-07-07T13:38:25 IST">
  <testcase classname="day22.OrangeHRMTest" name="openapp" time="5.915"/>
  <testcase classname="day22.OrangeHRMTest" name="testLogo" time="3.077"/>
  <testcase classname="day22.OrangeHRMTest" name="testLogin" time="1.757"/>
  <testcase classname="day22.OrangeHRMTest" name="closeapp" time="0.291"/>
  <testcase classname="day22.FirstTestCase" name="openapp" time="0.009"/>
  <testcase classname="day22.FirstTestCase" name="login" time="0.006"/>
  <testcase classname="day22.FirstTestCase" name="logout" time="0.002"/>
</testsuite> <!-- myTest -->
